Script started at: 2021-05-03 15:25:41.987370

Output created at: 2021-05-03 15:35:55.539627

Script used: /home/stud/bernstetter/ma/mainrepo/semantic_change_detection/change_point_detection.py

Options used:- {}
models_rootdir	/home/stud/bernstetter/models/dta/timeseries/
align_to	last
compare_to	last
distance_measure	cosine
k_neighbors	5
n_samples	1000
p_value_threshold	0.05
gamma_threshold	0
rank_by	mean_shift
n_best	1000
vocab_threshold	50
outfiles_dir	/home/stud/bernstetter/models/dta/timeseries_results/sg0/
vector_size	128
window_size	5
min_count	5
no_of_iter	10
lower_case	0
clean	0
training_mode	independent
z_scores	True
skipgram	0
word2vec	1
targets	None
